2020-07-12T13:15:52.121114Z info: <0.44.0> application: kernel, started_at: nonode@nohost: 
2020-07-12T13:15:52.127526Z info: <0.44.0> application: stdlib, started_at: nonode@nohost: 
2020-07-12T13:15:52.134235Z info: <0.84.0> supervisor: {local,gproc_sup}, started: [{pid,<0.85.0>},{id,gproc},{mfargs,{gproc,start_link,[]}},{restart_type,permanent},{shutdown,2000},{child_type,worker}]: 
2020-07-12T13:15:52.149656Z info: <0.84.0> supervisor: {local,gproc_sup}, started: [{pid,<0.86.0>},{id,gproc_monitor},{mfargs,{gproc_monitor,start_link,[]}},{restart_type,permanent},{shutdown,2000},{child_type,worker}]: 
2020-07-12T13:15:52.150172Z info: <0.84.0> supervisor: {local,gproc_sup}, started: [{pid,<0.87.0>},{id,gproc_bcast},{mfargs,{gproc_bcast,start_link,[]}},{restart_type,permanent},{shutdown,2000},{child_type,worker}]: 
2020-07-12T13:15:52.151449Z info: <0.84.0> supervisor: {local,gproc_sup}, started: [{pid,<0.88.0>},{id,gproc_pool},{mfargs,{gproc_pool,start_link,[]}},{restart_type,permanent},{shutdown,2000},{child_type,worker}]: 
2020-07-12T13:15:52.151570Z info: <0.44.0> application: gproc, started_at: nonode@nohost: 
2020-07-12T13:15:52.151866Z info: <0.44.0> application: recon, started_at: nonode@nohost: 
2020-07-12T13:15:52.152072Z info: <0.44.0> application: crypto, started_at: nonode@nohost: 
2020-07-12T13:15:52.152251Z info: <0.44.0> application: cowlib, started_at: nonode@nohost: 
2020-07-12T13:15:52.152430Z info: <0.44.0> application: asn1, started_at: nonode@nohost: 
2020-07-12T13:15:52.152618Z info: <0.44.0> application: public_key, started_at: nonode@nohost: 
2020-07-12T13:15:52.154550Z info: <0.70.0> supervisor: {local,logger_sup}, started: [{pid,<0.98.0>},{id,ssl_handler},{mfargs,{logger_olp,start_link,[logger_std_h_ssl_handler,logger_h_common,#{config => #{filesync_repeat_interval => no_repeat,type => standard_io},filter_default => stop,filters => [],formatter => {ssl_logger,#{}},id => ssl_handler,level => debug,module => logger_std_h},#{}]}},{restart_type,temporary},{shutdown,2000},{child_type,worker}]: 
2020-07-12T13:15:52.157179Z info: <0.101.0> supervisor: {local,ssl_admin_sup}, started: [{pid,<0.102.0>},{id,ssl_pem_cache},{mfargs,{ssl_pem_cache,start_link,[[]]}},{restart_type,permanent},{shutdown,4000},{child_type,worker}]: 
2020-07-12T13:15:52.159205Z info: <0.101.0> supervisor: {local,ssl_admin_sup}, started: [{pid,<0.103.0>},{id,ssl_manager},{mfargs,{ssl_manager,start_link,[[]]}},{restart_type,permanent},{shutdown,4000},{child_type,worker}]: 
2020-07-12T13:15:52.160200Z info: <0.101.0> supervisor: {local,ssl_admin_sup}, started: [{pid,<0.104.0>},{id,tls_client_ticket_store},{mfargs,{tls_client_ticket_store,start_link,[1000,7200]}},{restart_type,permanent},{shutdown,4000},{child_type,worker}]: 
2020-07-12T13:15:52.160383Z info: <0.100.0> supervisor: {local,ssl_sup}, started: [{pid,<0.101.0>},{id,ssl_admin_sup},{mfargs,{ssl_admin_sup,start_link,[]}},{restart_type,permanent},{shutdown,4000},{child_type,supervisor}]: 
2020-07-12T13:15:52.163380Z info: <0.106.0> supervisor: {local,tls_sup}, started: [{pid,<0.107.0>},{id,tls_connection},{mfargs,{tls_connection_sup,start_link,[]}},{restart_type,permanent},{shutdown,4000},{child_type,supervisor}]: 
2020-07-12T13:15:52.164691Z info: <0.108.0> supervisor: {local,tls_server_sup}, started: [{pid,<0.109.0>},{id,tls_socket},{mfargs,{ssl_listen_tracker_sup,start_link,[]}},{restart_type,permanent},{shutdown,4000},{child_type,supervisor}]: 
2020-07-12T13:15:52.165286Z info: <0.108.0> supervisor: {local,tls_server_sup}, started: [{pid,<0.110.0>},{id,tls_server_session_ticket},{mfargs,{tls_server_session_ticket_sup,start_link,[]}},{restart_type,permanent},{shutdown,4000},{child_type,supervisor}]: 
2020-07-12T13:15:52.165401Z info: <0.106.0> supervisor: {local,tls_sup}, started: [{pid,<0.108.0>},{id,tls_server_sup},{mfargs,{tls_server_sup,start_link,[]}},{restart_type,permanent},{shutdown,4000},{child_type,supervisor}]: 
2020-07-12T13:15:52.165515Z info: <0.105.0> supervisor: {local,ssl_connection_sup}, started: [{pid,<0.106.0>},{id,tls_sup},{mfargs,{tls_sup,start_link,[]}},{restart_type,permanent},{shutdown,4000},{child_type,supervisor}]: 
2020-07-12T13:15:52.166419Z info: <0.111.0> supervisor: {local,dtls_sup}, started: [{pid,<0.112.0>},{id,dtls_connection},{mfargs,{dtls_connection_sup,start_link,[]}},{restart_type,permanent},{shutdown,4000},{child_type,supervisor}]: 
2020-07-12T13:15:52.166958Z info: <0.111.0> supervisor: {local,dtls_sup}, started: [{pid,<0.113.0>},{id,dtls_listener},{mfargs,{dtls_listener_sup,start_link,[]}},{restart_type,permanent},{shutdown,4000},{child_type,supervisor}]: 
2020-07-12T13:15:52.167127Z info: <0.105.0> supervisor: {local,ssl_connection_sup}, started: [{pid,<0.111.0>},{id,dtls_sup},{mfargs,{dtls_sup,start_link,[]}},{restart_type,permanent},{shutdown,4000},{child_type,supervisor}]: 
2020-07-12T13:15:52.167241Z info: <0.100.0> supervisor: {local,ssl_sup}, started: [{pid,<0.105.0>},{id,ssl_connection_sup},{mfargs,{ssl_connection_sup,start_link,[]}},{restart_type,permanent},{shutdown,4000},{child_type,supervisor}]: 
2020-07-12T13:15:52.167370Z info: <0.44.0> application: ssl, started_at: nonode@nohost: 
2020-07-12T13:15:52.168517Z info: <0.117.0> supervisor: {local,ranch_sup}, started: [{pid,<0.118.0>},{id,ranch_server},{mfargs,{ranch_server,start_link,[]}},{restart_type,permanent},{shutdown,5000},{child_type,worker}]: 
2020-07-12T13:15:52.168695Z info: <0.44.0> application: ranch, started_at: nonode@nohost: 
2020-07-12T13:15:52.170330Z info: <0.122.0> supervisor: {local,cowboy_sup}, started: [{pid,<0.123.0>},{id,cowboy_clock},{mfargs,{cowboy_clock,start_link,[]}},{restart_type,permanent},{shutdown,5000},{child_type,worker}]: 
2020-07-12T13:15:52.170550Z info: <0.44.0> application: cowboy, started_at: nonode@nohost: 
2020-07-12T13:15:52.170788Z info: <0.44.0> application: jsx, started_at: nonode@nohost: 
2020-07-12T13:15:52.170999Z info: <0.44.0> application: eredis, started_at: nonode@nohost: 
2020-07-12T13:15:52.218145Z info: <0.131.0> supervisor: {<0.131.0>,ranch_listener_sup}, started: [{pid,<0.132.0>},{id,ranch_conns_sup},{mfargs,{ranch_conns_sup,start_link,[http_listener,ranch_tcp,cowboy_clear]}},{restart_type,permanent},{shutdown,infinity},{child_type,supervisor}]: 
2020-07-12T13:15:52.220644Z info: <0.133.0> supervisor: {<0.133.0>,ranch_acceptors_sup}, started: [{pid,<0.134.0>},{id,{acceptor,<0.133.0>,1}},{mfargs,{ranch_acceptor,start_link,[#Port<0.5>,ranch_tcp,error_logger,<0.132.0>]}},{restart_type,permanent},{shutdown,brutal_kill},{child_type,worker}]: 
2020-07-12T13:15:52.220831Z info: <0.133.0> supervisor: {<0.133.0>,ranch_acceptors_sup}, started: [{pid,<0.135.0>},{id,{acceptor,<0.133.0>,2}},{mfargs,{ranch_acceptor,start_link,[#Port<0.5>,ranch_tcp,error_logger,<0.132.0>]}},{restart_type,permanent},{shutdown,brutal_kill},{child_type,worker}]: 
2020-07-12T13:15:52.220995Z info: <0.133.0> supervisor: {<0.133.0>,ranch_acceptors_sup}, started: [{pid,<0.136.0>},{id,{acceptor,<0.133.0>,3}},{mfargs,{ranch_acceptor,start_link,[#Port<0.5>,ranch_tcp,error_logger,<0.132.0>]}},{restart_type,permanent},{shutdown,brutal_kill},{child_type,worker}]: 
2020-07-12T13:15:52.221193Z info: <0.133.0> supervisor: {<0.133.0>,ranch_acceptors_sup}, started: [{pid,<0.137.0>},{id,{acceptor,<0.133.0>,4}},{mfargs,{ranch_acceptor,start_link,[#Port<0.5>,ranch_tcp,error_logger,<0.132.0>]}},{restart_type,permanent},{shutdown,brutal_kill},{child_type,worker}]: 
2020-07-12T13:15:52.221374Z info: <0.133.0> supervisor: {<0.133.0>,ranch_acceptors_sup}, started: [{pid,<0.138.0>},{id,{acceptor,<0.133.0>,5}},{mfargs,{ranch_acceptor,start_link,[#Port<0.5>,ranch_tcp,error_logger,<0.132.0>]}},{restart_type,permanent},{shutdown,brutal_kill},{child_type,worker}]: 
2020-07-12T13:15:52.221487Z info: <0.133.0> supervisor: {<0.133.0>,ranch_acceptors_sup}, started: [{pid,<0.139.0>},{id,{acceptor,<0.133.0>,6}},{mfargs,{ranch_acceptor,start_link,[#Port<0.5>,ranch_tcp,error_logger,<0.132.0>]}},{restart_type,permanent},{shutdown,brutal_kill},{child_type,worker}]: 
2020-07-12T13:15:52.221593Z info: <0.133.0> supervisor: {<0.133.0>,ranch_acceptors_sup}, started: [{pid,<0.140.0>},{id,{acceptor,<0.133.0>,7}},{mfargs,{ranch_acceptor,start_link,[#Port<0.5>,ranch_tcp,error_logger,<0.132.0>]}},{restart_type,permanent},{shutdown,brutal_kill},{child_type,worker}]: 
2020-07-12T13:15:52.221694Z info: <0.133.0> supervisor: {<0.133.0>,ranch_acceptors_sup}, started: [{pid,<0.141.0>},{id,{acceptor,<0.133.0>,8}},{mfargs,{ranch_acceptor,start_link,[#Port<0.5>,ranch_tcp,error_logger,<0.132.0>]}},{restart_type,permanent},{shutdown,brutal_kill},{child_type,worker}]: 
2020-07-12T13:15:52.221792Z info: <0.133.0> supervisor: {<0.133.0>,ranch_acceptors_sup}, started: [{pid,<0.142.0>},{id,{acceptor,<0.133.0>,9}},{mfargs,{ranch_acceptor,start_link,[#Port<0.5>,ranch_tcp,error_logger,<0.132.0>]}},{restart_type,permanent},{shutdown,brutal_kill},{child_type,worker}]: 
2020-07-12T13:15:52.221891Z info: <0.133.0> supervisor: {<0.133.0>,ranch_acceptors_sup}, started: [{pid,<0.143.0>},{id,{acceptor,<0.133.0>,10}},{mfargs,{ranch_acceptor,start_link,[#Port<0.5>,ranch_tcp,error_logger,<0.132.0>]}},{restart_type,permanent},{shutdown,brutal_kill},{child_type,worker}]: 
2020-07-12T13:15:52.222032Z info: <0.131.0> supervisor: {<0.131.0>,ranch_listener_sup}, started: [{pid,<0.133.0>},{id,ranch_acceptors_sup},{mfargs,{ranch_acceptors_sup,start_link,[http_listener,ranch_tcp]}},{restart_type,permanent},{shutdown,infinity},{child_type,supervisor}]: 
2020-07-12T13:15:52.222161Z info: <0.117.0> supervisor: {local,ranch_sup}, started: [{pid,<0.131.0>},{id,{ranch_listener_sup,http_listener}},{mfargs,{ranch_listener_sup,start_link,[http_listener,ranch_tcp,#{connection_type => supervisor,socket_opts => [{ip,{0,0,0,0}},{port,3000}]},cowboy_clear,#{connection_type => supervisor,env => #{dispatch => [{'_',[],[]}],routes => {routes,{routeDuplex,#Fun<routing_duplex@ps.61.95846173>,{prefix,<<>>,{alt,{array,5,10,undefined,{{chomp,#Fun<control_semigroupoid@ps.7.69069354>},{chomp,#Fun<control_semigroupoid@ps.7.69069354>},{chomp,#Fun<control_semigroupoid@ps.7.69069354>},{chomp,#Fun<control_semigroupoid@ps.7.69069354>},{chomp,#Fun<control_semigroupoid@ps.7.69069354>},undefined,undefined,undefined,undefined,...}}}}},#{dispatch => #Fun<stetson@ps.32.28344847>,unmatched => #Fun<stetson@ps.30.28344847>}}},middlewares => [routingDuplexMiddleware@ps,cowboy_handler]}]}},{restart_type,permanent},{shutdown,infinity},{child_type,supervisor}]: 
2020-07-12T13:15:52.224544Z info: <0.129.0> supervisor: {local,pure_sup}, started: [{pid,<0.130.0>},{id,pure_web},{mfargs,{pinto_gen@foreign,start_from_spec,[#{id => <<"pure_web">>,restart => {permanent},shutdown => {timeout,5000},startArgs => #{webPort => 3000},startFn => #Fun<pinto_sup@ps.41.110605413>,type_ => {worker}}]}},{restart_type,permanent},{shutdown,5000},{child_type,worker}]: 
2020-07-12T13:15:52.224829Z info: <0.44.0> application: pure_ps, started_at: nonode@nohost: 
2020-07-12T13:17:17.782271Z info: <0.44.0> application: kernel, started_at: nonode@nohost: 
2020-07-12T13:17:17.787414Z info: <0.44.0> application: stdlib, started_at: nonode@nohost: 
2020-07-12T13:17:17.793682Z info: <0.84.0> supervisor: {local,gproc_sup}, started: [{pid,<0.85.0>},{id,gproc},{mfargs,{gproc,start_link,[]}},{restart_type,permanent},{shutdown,2000},{child_type,worker}]: 
2020-07-12T13:17:17.809738Z info: <0.84.0> supervisor: {local,gproc_sup}, started: [{pid,<0.86.0>},{id,gproc_monitor},{mfargs,{gproc_monitor,start_link,[]}},{restart_type,permanent},{shutdown,2000},{child_type,worker}]: 
2020-07-12T13:17:17.810441Z info: <0.84.0> supervisor: {local,gproc_sup}, started: [{pid,<0.87.0>},{id,gproc_bcast},{mfargs,{gproc_bcast,start_link,[]}},{restart_type,permanent},{shutdown,2000},{child_type,worker}]: 
2020-07-12T13:17:17.812052Z info: <0.84.0> supervisor: {local,gproc_sup}, started: [{pid,<0.88.0>},{id,gproc_pool},{mfargs,{gproc_pool,start_link,[]}},{restart_type,permanent},{shutdown,2000},{child_type,worker}]: 
2020-07-12T13:17:17.812290Z info: <0.44.0> application: gproc, started_at: nonode@nohost: 
2020-07-12T13:17:17.812652Z info: <0.44.0> application: recon, started_at: nonode@nohost: 
2020-07-12T13:17:17.812949Z info: <0.44.0> application: crypto, started_at: nonode@nohost: 
2020-07-12T13:17:17.813148Z info: <0.44.0> application: cowlib, started_at: nonode@nohost: 
2020-07-12T13:17:17.813352Z info: <0.44.0> application: asn1, started_at: nonode@nohost: 
2020-07-12T13:17:17.813528Z info: <0.44.0> application: public_key, started_at: nonode@nohost: 
2020-07-12T13:17:17.815545Z info: <0.70.0> supervisor: {local,logger_sup}, started: [{pid,<0.98.0>},{id,ssl_handler},{mfargs,{logger_olp,start_link,[logger_std_h_ssl_handler,logger_h_common,#{config => #{filesync_repeat_interval => no_repeat,type => standard_io},filter_default => stop,filters => [],formatter => {ssl_logger,#{}},id => ssl_handler,level => debug,module => logger_std_h},#{}]}},{restart_type,temporary},{shutdown,2000},{child_type,worker}]: 
2020-07-12T13:17:17.818005Z info: <0.101.0> supervisor: {local,ssl_admin_sup}, started: [{pid,<0.102.0>},{id,ssl_pem_cache},{mfargs,{ssl_pem_cache,start_link,[[]]}},{restart_type,permanent},{shutdown,4000},{child_type,worker}]: 
2020-07-12T13:17:17.819975Z info: <0.101.0> supervisor: {local,ssl_admin_sup}, started: [{pid,<0.103.0>},{id,ssl_manager},{mfargs,{ssl_manager,start_link,[[]]}},{restart_type,permanent},{shutdown,4000},{child_type,worker}]: 
2020-07-12T13:17:17.820853Z info: <0.101.0> supervisor: {local,ssl_admin_sup}, started: [{pid,<0.104.0>},{id,tls_client_ticket_store},{mfargs,{tls_client_ticket_store,start_link,[1000,7200]}},{restart_type,permanent},{shutdown,4000},{child_type,worker}]: 
2020-07-12T13:17:17.820979Z info: <0.100.0> supervisor: {local,ssl_sup}, started: [{pid,<0.101.0>},{id,ssl_admin_sup},{mfargs,{ssl_admin_sup,start_link,[]}},{restart_type,permanent},{shutdown,4000},{child_type,supervisor}]: 
2020-07-12T13:17:17.823641Z info: <0.106.0> supervisor: {local,tls_sup}, started: [{pid,<0.107.0>},{id,tls_connection},{mfargs,{tls_connection_sup,start_link,[]}},{restart_type,permanent},{shutdown,4000},{child_type,supervisor}]: 
2020-07-12T13:17:17.825514Z info: <0.108.0> supervisor: {local,tls_server_sup}, started: [{pid,<0.109.0>},{id,tls_socket},{mfargs,{ssl_listen_tracker_sup,start_link,[]}},{restart_type,permanent},{shutdown,4000},{child_type,supervisor}]: 
2020-07-12T13:17:17.826642Z info: <0.108.0> supervisor: {local,tls_server_sup}, started: [{pid,<0.110.0>},{id,tls_server_session_ticket},{mfargs,{tls_server_session_ticket_sup,start_link,[]}},{restart_type,permanent},{shutdown,4000},{child_type,supervisor}]: 
2020-07-12T13:17:17.826848Z info: <0.106.0> supervisor: {local,tls_sup}, started: [{pid,<0.108.0>},{id,tls_server_sup},{mfargs,{tls_server_sup,start_link,[]}},{restart_type,permanent},{shutdown,4000},{child_type,supervisor}]: 
2020-07-12T13:17:17.826972Z info: <0.105.0> supervisor: {local,ssl_connection_sup}, started: [{pid,<0.106.0>},{id,tls_sup},{mfargs,{tls_sup,start_link,[]}},{restart_type,permanent},{shutdown,4000},{child_type,supervisor}]: 
2020-07-12T13:17:17.828795Z info: <0.111.0> supervisor: {local,dtls_sup}, started: [{pid,<0.112.0>},{id,dtls_connection},{mfargs,{dtls_connection_sup,start_link,[]}},{restart_type,permanent},{shutdown,4000},{child_type,supervisor}]: 
2020-07-12T13:17:17.829841Z info: <0.111.0> supervisor: {local,dtls_sup}, started: [{pid,<0.113.0>},{id,dtls_listener},{mfargs,{dtls_listener_sup,start_link,[]}},{restart_type,permanent},{shutdown,4000},{child_type,supervisor}]: 
2020-07-12T13:17:17.829988Z info: <0.105.0> supervisor: {local,ssl_connection_sup}, started: [{pid,<0.111.0>},{id,dtls_sup},{mfargs,{dtls_sup,start_link,[]}},{restart_type,permanent},{shutdown,4000},{child_type,supervisor}]: 
2020-07-12T13:17:17.830217Z info: <0.100.0> supervisor: {local,ssl_sup}, started: [{pid,<0.105.0>},{id,ssl_connection_sup},{mfargs,{ssl_connection_sup,start_link,[]}},{restart_type,permanent},{shutdown,4000},{child_type,supervisor}]: 
2020-07-12T13:17:17.830432Z info: <0.44.0> application: ssl, started_at: nonode@nohost: 
2020-07-12T13:17:17.832354Z info: <0.117.0> supervisor: {local,ranch_sup}, started: [{pid,<0.118.0>},{id,ranch_server},{mfargs,{ranch_server,start_link,[]}},{restart_type,permanent},{shutdown,5000},{child_type,worker}]: 
2020-07-12T13:17:17.832575Z info: <0.44.0> application: ranch, started_at: nonode@nohost: 
2020-07-12T13:17:17.834596Z info: <0.122.0> supervisor: {local,cowboy_sup}, started: [{pid,<0.123.0>},{id,cowboy_clock},{mfargs,{cowboy_clock,start_link,[]}},{restart_type,permanent},{shutdown,5000},{child_type,worker}]: 
2020-07-12T13:17:17.834783Z info: <0.44.0> application: cowboy, started_at: nonode@nohost: 
2020-07-12T13:17:17.835155Z info: <0.44.0> application: jsx, started_at: nonode@nohost: 
2020-07-12T13:17:17.835395Z info: <0.44.0> application: eredis, started_at: nonode@nohost: 
2020-07-12T13:17:17.896253Z info: <0.131.0> supervisor: {<0.131.0>,ranch_listener_sup}, started: [{pid,<0.132.0>},{id,ranch_conns_sup},{mfargs,{ranch_conns_sup,start_link,[http_listener,ranch_tcp,cowboy_clear]}},{restart_type,permanent},{shutdown,infinity},{child_type,supervisor}]: 
2020-07-12T13:17:17.898880Z info: <0.133.0> supervisor: {<0.133.0>,ranch_acceptors_sup}, started: [{pid,<0.134.0>},{id,{acceptor,<0.133.0>,1}},{mfargs,{ranch_acceptor,start_link,[#Port<0.5>,ranch_tcp,error_logger,<0.132.0>]}},{restart_type,permanent},{shutdown,brutal_kill},{child_type,worker}]: 
2020-07-12T13:17:17.899105Z info: <0.133.0> supervisor: {<0.133.0>,ranch_acceptors_sup}, started: [{pid,<0.135.0>},{id,{acceptor,<0.133.0>,2}},{mfargs,{ranch_acceptor,start_link,[#Port<0.5>,ranch_tcp,error_logger,<0.132.0>]}},{restart_type,permanent},{shutdown,brutal_kill},{child_type,worker}]: 
2020-07-12T13:17:17.899223Z info: <0.133.0> supervisor: {<0.133.0>,ranch_acceptors_sup}, started: [{pid,<0.136.0>},{id,{acceptor,<0.133.0>,3}},{mfargs,{ranch_acceptor,start_link,[#Port<0.5>,ranch_tcp,error_logger,<0.132.0>]}},{restart_type,permanent},{shutdown,brutal_kill},{child_type,worker}]: 
2020-07-12T13:17:17.899330Z info: <0.133.0> supervisor: {<0.133.0>,ranch_acceptors_sup}, started: [{pid,<0.137.0>},{id,{acceptor,<0.133.0>,4}},{mfargs,{ranch_acceptor,start_link,[#Port<0.5>,ranch_tcp,error_logger,<0.132.0>]}},{restart_type,permanent},{shutdown,brutal_kill},{child_type,worker}]: 
2020-07-12T13:17:17.899498Z info: <0.133.0> supervisor: {<0.133.0>,ranch_acceptors_sup}, started: [{pid,<0.138.0>},{id,{acceptor,<0.133.0>,5}},{mfargs,{ranch_acceptor,start_link,[#Port<0.5>,ranch_tcp,error_logger,<0.132.0>]}},{restart_type,permanent},{shutdown,brutal_kill},{child_type,worker}]: 
2020-07-12T13:17:17.899616Z info: <0.133.0> supervisor: {<0.133.0>,ranch_acceptors_sup}, started: [{pid,<0.139.0>},{id,{acceptor,<0.133.0>,6}},{mfargs,{ranch_acceptor,start_link,[#Port<0.5>,ranch_tcp,error_logger,<0.132.0>]}},{restart_type,permanent},{shutdown,brutal_kill},{child_type,worker}]: 
2020-07-12T13:17:17.899725Z info: <0.133.0> supervisor: {<0.133.0>,ranch_acceptors_sup}, started: [{pid,<0.140.0>},{id,{acceptor,<0.133.0>,7}},{mfargs,{ranch_acceptor,start_link,[#Port<0.5>,ranch_tcp,error_logger,<0.132.0>]}},{restart_type,permanent},{shutdown,brutal_kill},{child_type,worker}]: 
2020-07-12T13:17:17.899831Z info: <0.133.0> supervisor: {<0.133.0>,ranch_acceptors_sup}, started: [{pid,<0.141.0>},{id,{acceptor,<0.133.0>,8}},{mfargs,{ranch_acceptor,start_link,[#Port<0.5>,ranch_tcp,error_logger,<0.132.0>]}},{restart_type,permanent},{shutdown,brutal_kill},{child_type,worker}]: 
2020-07-12T13:17:17.899938Z info: <0.133.0> supervisor: {<0.133.0>,ranch_acceptors_sup}, started: [{pid,<0.142.0>},{id,{acceptor,<0.133.0>,9}},{mfargs,{ranch_acceptor,start_link,[#Port<0.5>,ranch_tcp,error_logger,<0.132.0>]}},{restart_type,permanent},{shutdown,brutal_kill},{child_type,worker}]: 
2020-07-12T13:17:17.900087Z info: <0.133.0> supervisor: {<0.133.0>,ranch_acceptors_sup}, started: [{pid,<0.143.0>},{id,{acceptor,<0.133.0>,10}},{mfargs,{ranch_acceptor,start_link,[#Port<0.5>,ranch_tcp,error_logger,<0.132.0>]}},{restart_type,permanent},{shutdown,brutal_kill},{child_type,worker}]: 
2020-07-12T13:17:17.900194Z info: <0.131.0> supervisor: {<0.131.0>,ranch_listener_sup}, started: [{pid,<0.133.0>},{id,ranch_acceptors_sup},{mfargs,{ranch_acceptors_sup,start_link,[http_listener,ranch_tcp]}},{restart_type,permanent},{shutdown,infinity},{child_type,supervisor}]: 
2020-07-12T13:17:17.900309Z info: <0.117.0> supervisor: {local,ranch_sup}, started: [{pid,<0.131.0>},{id,{ranch_listener_sup,http_listener}},{mfargs,{ranch_listener_sup,start_link,[http_listener,ranch_tcp,#{connection_type => supervisor,socket_opts => [{ip,{0,0,0,0}},{port,3000}]},cowboy_clear,#{connection_type => supervisor,env => #{dispatch => [{'_',[],[]}],routes => {routes,{routeDuplex,#Fun<routing_duplex@ps.61.95846173>,{prefix,<<>>,{alt,{array,5,10,undefined,{{chomp,#Fun<control_semigroupoid@ps.7.69069354>},{chomp,#Fun<control_semigroupoid@ps.7.69069354>},{chomp,#Fun<control_semigroupoid@ps.7.69069354>},{chomp,#Fun<control_semigroupoid@ps.7.69069354>},{chomp,#Fun<control_semigroupoid@ps.7.69069354>},undefined,undefined,undefined,undefined,...}}}}},#{dispatch => #Fun<stetson@ps.32.28344847>,unmatched => #Fun<stetson@ps.30.28344847>}}},middlewares => [routingDuplexMiddleware@ps,cowboy_handler]}]}},{restart_type,permanent},{shutdown,infinity},{child_type,supervisor}]: 
2020-07-12T13:17:17.902504Z info: <0.129.0> supervisor: {local,pure_sup}, started: [{pid,<0.130.0>},{id,pure_web},{mfargs,{pinto_gen@foreign,start_from_spec,[#{id => <<"pure_web">>,restart => {permanent},shutdown => {timeout,5000},startArgs => #{webPort => 3000},startFn => #Fun<pinto_sup@ps.41.110605413>,type_ => {worker}}]}},{restart_type,permanent},{shutdown,5000},{child_type,worker}]: 
2020-07-12T13:17:17.902704Z info: <0.44.0> application: pure_ps, started_at: nonode@nohost: 
2020-07-12T13:20:34.045149Z info: <0.44.0> application: kernel, started_at: nonode@nohost: 
2020-07-12T13:20:34.051254Z info: <0.44.0> application: stdlib, started_at: nonode@nohost: 
2020-07-12T13:20:34.057696Z info: <0.84.0> supervisor: {local,gproc_sup}, started: [{pid,<0.85.0>},{id,gproc},{mfargs,{gproc,start_link,[]}},{restart_type,permanent},{shutdown,2000},{child_type,worker}]: 
2020-07-12T13:20:34.074647Z info: <0.84.0> supervisor: {local,gproc_sup}, started: [{pid,<0.86.0>},{id,gproc_monitor},{mfargs,{gproc_monitor,start_link,[]}},{restart_type,permanent},{shutdown,2000},{child_type,worker}]: 
2020-07-12T13:20:34.075239Z info: <0.84.0> supervisor: {local,gproc_sup}, started: [{pid,<0.87.0>},{id,gproc_bcast},{mfargs,{gproc_bcast,start_link,[]}},{restart_type,permanent},{shutdown,2000},{child_type,worker}]: 
2020-07-12T13:20:34.076709Z info: <0.84.0> supervisor: {local,gproc_sup}, started: [{pid,<0.88.0>},{id,gproc_pool},{mfargs,{gproc_pool,start_link,[]}},{restart_type,permanent},{shutdown,2000},{child_type,worker}]: 
2020-07-12T13:20:34.076869Z info: <0.44.0> application: gproc, started_at: nonode@nohost: 
2020-07-12T13:20:34.077140Z info: <0.44.0> application: recon, started_at: nonode@nohost: 
2020-07-12T13:20:34.077366Z info: <0.44.0> application: crypto, started_at: nonode@nohost: 
2020-07-12T13:20:34.077580Z info: <0.44.0> application: cowlib, started_at: nonode@nohost: 
2020-07-12T13:20:34.077796Z info: <0.44.0> application: asn1, started_at: nonode@nohost: 
2020-07-12T13:20:34.078006Z info: <0.44.0> application: public_key, started_at: nonode@nohost: 
2020-07-12T13:20:34.080173Z info: <0.70.0> supervisor: {local,logger_sup}, started: [{pid,<0.98.0>},{id,ssl_handler},{mfargs,{logger_olp,start_link,[logger_std_h_ssl_handler,logger_h_common,#{config => #{filesync_repeat_interval => no_repeat,type => standard_io},filter_default => stop,filters => [],formatter => {ssl_logger,#{}},id => ssl_handler,level => debug,module => logger_std_h},#{}]}},{restart_type,temporary},{shutdown,2000},{child_type,worker}]: 
2020-07-12T13:20:34.082958Z info: <0.101.0> supervisor: {local,ssl_admin_sup}, started: [{pid,<0.102.0>},{id,ssl_pem_cache},{mfargs,{ssl_pem_cache,start_link,[[]]}},{restart_type,permanent},{shutdown,4000},{child_type,worker}]: 
2020-07-12T13:20:34.084799Z info: <0.101.0> supervisor: {local,ssl_admin_sup}, started: [{pid,<0.103.0>},{id,ssl_manager},{mfargs,{ssl_manager,start_link,[[]]}},{restart_type,permanent},{shutdown,4000},{child_type,worker}]: 
2020-07-12T13:20:34.085695Z info: <0.101.0> supervisor: {local,ssl_admin_sup}, started: [{pid,<0.104.0>},{id,tls_client_ticket_store},{mfargs,{tls_client_ticket_store,start_link,[1000,7200]}},{restart_type,permanent},{shutdown,4000},{child_type,worker}]: 
2020-07-12T13:20:34.085833Z info: <0.100.0> supervisor: {local,ssl_sup}, started: [{pid,<0.101.0>},{id,ssl_admin_sup},{mfargs,{ssl_admin_sup,start_link,[]}},{restart_type,permanent},{shutdown,4000},{child_type,supervisor}]: 
2020-07-12T13:20:34.088576Z info: <0.106.0> supervisor: {local,tls_sup}, started: [{pid,<0.107.0>},{id,tls_connection},{mfargs,{tls_connection_sup,start_link,[]}},{restart_type,permanent},{shutdown,4000},{child_type,supervisor}]: 
2020-07-12T13:20:34.089867Z info: <0.108.0> supervisor: {local,tls_server_sup}, started: [{pid,<0.109.0>},{id,tls_socket},{mfargs,{ssl_listen_tracker_sup,start_link,[]}},{restart_type,permanent},{shutdown,4000},{child_type,supervisor}]: 
2020-07-12T13:20:34.090899Z info: <0.108.0> supervisor: {local,tls_server_sup}, started: [{pid,<0.110.0>},{id,tls_server_session_ticket},{mfargs,{tls_server_session_ticket_sup,start_link,[]}},{restart_type,permanent},{shutdown,4000},{child_type,supervisor}]: 
2020-07-12T13:20:34.091125Z info: <0.106.0> supervisor: {local,tls_sup}, started: [{pid,<0.108.0>},{id,tls_server_sup},{mfargs,{tls_server_sup,start_link,[]}},{restart_type,permanent},{shutdown,4000},{child_type,supervisor}]: 
2020-07-12T13:20:34.091237Z info: <0.105.0> supervisor: {local,ssl_connection_sup}, started: [{pid,<0.106.0>},{id,tls_sup},{mfargs,{tls_sup,start_link,[]}},{restart_type,permanent},{shutdown,4000},{child_type,supervisor}]: 
2020-07-12T13:20:34.092533Z info: <0.111.0> supervisor: {local,dtls_sup}, started: [{pid,<0.112.0>},{id,dtls_connection},{mfargs,{dtls_connection_sup,start_link,[]}},{restart_type,permanent},{shutdown,4000},{child_type,supervisor}]: 
2020-07-12T13:20:34.093299Z info: <0.111.0> supervisor: {local,dtls_sup}, started: [{pid,<0.113.0>},{id,dtls_listener},{mfargs,{dtls_listener_sup,start_link,[]}},{restart_type,permanent},{shutdown,4000},{child_type,supervisor}]: 
2020-07-12T13:20:34.093446Z info: <0.105.0> supervisor: {local,ssl_connection_sup}, started: [{pid,<0.111.0>},{id,dtls_sup},{mfargs,{dtls_sup,start_link,[]}},{restart_type,permanent},{shutdown,4000},{child_type,supervisor}]: 
2020-07-12T13:20:34.093559Z info: <0.100.0> supervisor: {local,ssl_sup}, started: [{pid,<0.105.0>},{id,ssl_connection_sup},{mfargs,{ssl_connection_sup,start_link,[]}},{restart_type,permanent},{shutdown,4000},{child_type,supervisor}]: 
2020-07-12T13:20:34.093687Z info: <0.44.0> application: ssl, started_at: nonode@nohost: 
2020-07-12T13:20:34.094852Z info: <0.117.0> supervisor: {local,ranch_sup}, started: [{pid,<0.118.0>},{id,ranch_server},{mfargs,{ranch_server,start_link,[]}},{restart_type,permanent},{shutdown,5000},{child_type,worker}]: 
2020-07-12T13:20:34.095009Z info: <0.44.0> application: ranch, started_at: nonode@nohost: 
2020-07-12T13:20:34.096752Z info: <0.122.0> supervisor: {local,cowboy_sup}, started: [{pid,<0.123.0>},{id,cowboy_clock},{mfargs,{cowboy_clock,start_link,[]}},{restart_type,permanent},{shutdown,5000},{child_type,worker}]: 
2020-07-12T13:20:34.096934Z info: <0.44.0> application: cowboy, started_at: nonode@nohost: 
2020-07-12T13:20:34.097169Z info: <0.44.0> application: jsx, started_at: nonode@nohost: 
2020-07-12T13:20:34.097363Z info: <0.44.0> application: eredis, started_at: nonode@nohost: 
2020-07-12T13:20:34.148435Z info: <0.131.0> supervisor: {<0.131.0>,ranch_listener_sup}, started: [{pid,<0.132.0>},{id,ranch_conns_sup},{mfargs,{ranch_conns_sup,start_link,[http_listener,ranch_tcp,cowboy_clear]}},{restart_type,permanent},{shutdown,infinity},{child_type,supervisor}]: 
2020-07-12T13:20:34.150712Z info: <0.133.0> supervisor: {<0.133.0>,ranch_acceptors_sup}, started: [{pid,<0.134.0>},{id,{acceptor,<0.133.0>,1}},{mfargs,{ranch_acceptor,start_link,[#Port<0.5>,ranch_tcp,error_logger,<0.132.0>]}},{restart_type,permanent},{shutdown,brutal_kill},{child_type,worker}]: 
2020-07-12T13:20:34.150871Z info: <0.133.0> supervisor: {<0.133.0>,ranch_acceptors_sup}, started: [{pid,<0.135.0>},{id,{acceptor,<0.133.0>,2}},{mfargs,{ranch_acceptor,start_link,[#Port<0.5>,ranch_tcp,error_logger,<0.132.0>]}},{restart_type,permanent},{shutdown,brutal_kill},{child_type,worker}]: 
2020-07-12T13:20:34.150997Z info: <0.133.0> supervisor: {<0.133.0>,ranch_acceptors_sup}, started: [{pid,<0.136.0>},{id,{acceptor,<0.133.0>,3}},{mfargs,{ranch_acceptor,start_link,[#Port<0.5>,ranch_tcp,error_logger,<0.132.0>]}},{restart_type,permanent},{shutdown,brutal_kill},{child_type,worker}]: 
2020-07-12T13:20:34.151151Z info: <0.133.0> supervisor: {<0.133.0>,ranch_acceptors_sup}, started: [{pid,<0.137.0>},{id,{acceptor,<0.133.0>,4}},{mfargs,{ranch_acceptor,start_link,[#Port<0.5>,ranch_tcp,error_logger,<0.132.0>]}},{restart_type,permanent},{shutdown,brutal_kill},{child_type,worker}]: 
2020-07-12T13:20:34.151292Z info: <0.133.0> supervisor: {<0.133.0>,ranch_acceptors_sup}, started: [{pid,<0.138.0>},{id,{acceptor,<0.133.0>,5}},{mfargs,{ranch_acceptor,start_link,[#Port<0.5>,ranch_tcp,error_logger,<0.132.0>]}},{restart_type,permanent},{shutdown,brutal_kill},{child_type,worker}]: 
2020-07-12T13:20:34.151394Z info: <0.133.0> supervisor: {<0.133.0>,ranch_acceptors_sup}, started: [{pid,<0.139.0>},{id,{acceptor,<0.133.0>,6}},{mfargs,{ranch_acceptor,start_link,[#Port<0.5>,ranch_tcp,error_logger,<0.132.0>]}},{restart_type,permanent},{shutdown,brutal_kill},{child_type,worker}]: 
2020-07-12T13:20:34.151484Z info: <0.133.0> supervisor: {<0.133.0>,ranch_acceptors_sup}, started: [{pid,<0.140.0>},{id,{acceptor,<0.133.0>,7}},{mfargs,{ranch_acceptor,start_link,[#Port<0.5>,ranch_tcp,error_logger,<0.132.0>]}},{restart_type,permanent},{shutdown,brutal_kill},{child_type,worker}]: 
2020-07-12T13:20:34.151569Z info: <0.133.0> supervisor: {<0.133.0>,ranch_acceptors_sup}, started: [{pid,<0.141.0>},{id,{acceptor,<0.133.0>,8}},{mfargs,{ranch_acceptor,start_link,[#Port<0.5>,ranch_tcp,error_logger,<0.132.0>]}},{restart_type,permanent},{shutdown,brutal_kill},{child_type,worker}]: 
2020-07-12T13:20:34.151658Z info: <0.133.0> supervisor: {<0.133.0>,ranch_acceptors_sup}, started: [{pid,<0.142.0>},{id,{acceptor,<0.133.0>,9}},{mfargs,{ranch_acceptor,start_link,[#Port<0.5>,ranch_tcp,error_logger,<0.132.0>]}},{restart_type,permanent},{shutdown,brutal_kill},{child_type,worker}]: 
2020-07-12T13:20:34.151750Z info: <0.133.0> supervisor: {<0.133.0>,ranch_acceptors_sup}, started: [{pid,<0.143.0>},{id,{acceptor,<0.133.0>,10}},{mfargs,{ranch_acceptor,start_link,[#Port<0.5>,ranch_tcp,error_logger,<0.132.0>]}},{restart_type,permanent},{shutdown,brutal_kill},{child_type,worker}]: 
2020-07-12T13:20:34.151850Z info: <0.131.0> supervisor: {<0.131.0>,ranch_listener_sup}, started: [{pid,<0.133.0>},{id,ranch_acceptors_sup},{mfargs,{ranch_acceptors_sup,start_link,[http_listener,ranch_tcp]}},{restart_type,permanent},{shutdown,infinity},{child_type,supervisor}]: 
2020-07-12T13:20:34.151945Z info: <0.117.0> supervisor: {local,ranch_sup}, started: [{pid,<0.131.0>},{id,{ranch_listener_sup,http_listener}},{mfargs,{ranch_listener_sup,start_link,[http_listener,ranch_tcp,#{connection_type => supervisor,socket_opts => [{ip,{0,0,0,0}},{port,3000}]},cowboy_clear,#{connection_type => supervisor,env => #{dispatch => [{'_',[],[]}],routes => {routes,{routeDuplex,#Fun<routing_duplex@ps.61.95846173>,{prefix,<<>>,{alt,{array,5,10,undefined,{{chomp,#Fun<control_semigroupoid@ps.7.69069354>},{chomp,#Fun<control_semigroupoid@ps.7.69069354>},{chomp,#Fun<control_semigroupoid@ps.7.69069354>},{chomp,#Fun<control_semigroupoid@ps.7.69069354>},{chomp,#Fun<control_semigroupoid@ps.7.69069354>},undefined,undefined,undefined,undefined,...}}}}},#{dispatch => #Fun<stetson@ps.32.28344847>,unmatched => #Fun<stetson@ps.30.28344847>}}},middlewares => [routingDuplexMiddleware@ps,cowboy_handler]}]}},{restart_type,permanent},{shutdown,infinity},{child_type,supervisor}]: 
2020-07-12T13:20:34.153984Z info: <0.129.0> supervisor: {local,pure_sup}, started: [{pid,<0.130.0>},{id,pure_web},{mfargs,{pinto_gen@foreign,start_from_spec,[#{id => <<"pure_web">>,restart => {permanent},shutdown => {timeout,5000},startArgs => #{webPort => 3000},startFn => #Fun<pinto_sup@ps.41.110605413>,type_ => {worker}}]}},{restart_type,permanent},{shutdown,5000},{child_type,worker}]: 
2020-07-12T13:20:34.154202Z info: <0.44.0> application: pure_ps, started_at: nonode@nohost: 
2020-07-12T13:22:53.472187Z info: <0.44.0> application: kernel, started_at: nonode@nohost: 
2020-07-12T13:22:53.478699Z info: <0.44.0> application: stdlib, started_at: nonode@nohost: 
2020-07-12T13:22:53.485508Z info: <0.84.0> supervisor: {local,gproc_sup}, started: [{pid,<0.85.0>},{id,gproc},{mfargs,{gproc,start_link,[]}},{restart_type,permanent},{shutdown,2000},{child_type,worker}]: 
2020-07-12T13:22:53.500405Z info: <0.84.0> supervisor: {local,gproc_sup}, started: [{pid,<0.86.0>},{id,gproc_monitor},{mfargs,{gproc_monitor,start_link,[]}},{restart_type,permanent},{shutdown,2000},{child_type,worker}]: 
2020-07-12T13:22:53.500984Z info: <0.84.0> supervisor: {local,gproc_sup}, started: [{pid,<0.87.0>},{id,gproc_bcast},{mfargs,{gproc_bcast,start_link,[]}},{restart_type,permanent},{shutdown,2000},{child_type,worker}]: 
2020-07-12T13:22:53.502333Z info: <0.84.0> supervisor: {local,gproc_sup}, started: [{pid,<0.88.0>},{id,gproc_pool},{mfargs,{gproc_pool,start_link,[]}},{restart_type,permanent},{shutdown,2000},{child_type,worker}]: 
2020-07-12T13:22:53.502483Z info: <0.44.0> application: gproc, started_at: nonode@nohost: 
2020-07-12T13:22:53.502809Z info: <0.44.0> application: recon, started_at: nonode@nohost: 
2020-07-12T13:22:53.503001Z info: <0.44.0> application: crypto, started_at: nonode@nohost: 
2020-07-12T13:22:53.503181Z info: <0.44.0> application: cowlib, started_at: nonode@nohost: 
2020-07-12T13:22:53.503366Z info: <0.44.0> application: asn1, started_at: nonode@nohost: 
2020-07-12T13:22:53.503548Z info: <0.44.0> application: public_key, started_at: nonode@nohost: 
2020-07-12T13:22:53.505470Z info: <0.70.0> supervisor: {local,logger_sup}, started: [{pid,<0.98.0>},{id,ssl_handler},{mfargs,{logger_olp,start_link,[logger_std_h_ssl_handler,logger_h_common,#{config => #{filesync_repeat_interval => no_repeat,type => standard_io},filter_default => stop,filters => [],formatter => {ssl_logger,#{}},id => ssl_handler,level => debug,module => logger_std_h},#{}]}},{restart_type,temporary},{shutdown,2000},{child_type,worker}]: 
2020-07-12T13:22:53.508081Z info: <0.101.0> supervisor: {local,ssl_admin_sup}, started: [{pid,<0.102.0>},{id,ssl_pem_cache},{mfargs,{ssl_pem_cache,start_link,[[]]}},{restart_type,permanent},{shutdown,4000},{child_type,worker}]: 
2020-07-12T13:22:53.510201Z info: <0.101.0> supervisor: {local,ssl_admin_sup}, started: [{pid,<0.103.0>},{id,ssl_manager},{mfargs,{ssl_manager,start_link,[[]]}},{restart_type,permanent},{shutdown,4000},{child_type,worker}]: 
2020-07-12T13:22:53.511256Z info: <0.101.0> supervisor: {local,ssl_admin_sup}, started: [{pid,<0.104.0>},{id,tls_client_ticket_store},{mfargs,{tls_client_ticket_store,start_link,[1000,7200]}},{restart_type,permanent},{shutdown,4000},{child_type,worker}]: 
2020-07-12T13:22:53.511432Z info: <0.100.0> supervisor: {local,ssl_sup}, started: [{pid,<0.101.0>},{id,ssl_admin_sup},{mfargs,{ssl_admin_sup,start_link,[]}},{restart_type,permanent},{shutdown,4000},{child_type,supervisor}]: 
2020-07-12T13:22:53.514075Z info: <0.106.0> supervisor: {local,tls_sup}, started: [{pid,<0.107.0>},{id,tls_connection},{mfargs,{tls_connection_sup,start_link,[]}},{restart_type,permanent},{shutdown,4000},{child_type,supervisor}]: 
2020-07-12T13:22:53.515505Z info: <0.108.0> supervisor: {local,tls_server_sup}, started: [{pid,<0.109.0>},{id,tls_socket},{mfargs,{ssl_listen_tracker_sup,start_link,[]}},{restart_type,permanent},{shutdown,4000},{child_type,supervisor}]: 
2020-07-12T13:22:53.516166Z info: <0.108.0> supervisor: {local,tls_server_sup}, started: [{pid,<0.110.0>},{id,tls_server_session_ticket},{mfargs,{tls_server_session_ticket_sup,start_link,[]}},{restart_type,permanent},{shutdown,4000},{child_type,supervisor}]: 
2020-07-12T13:22:53.516303Z info: <0.106.0> supervisor: {local,tls_sup}, started: [{pid,<0.108.0>},{id,tls_server_sup},{mfargs,{tls_server_sup,start_link,[]}},{restart_type,permanent},{shutdown,4000},{child_type,supervisor}]: 
2020-07-12T13:22:53.516413Z info: <0.105.0> supervisor: {local,ssl_connection_sup}, started: [{pid,<0.106.0>},{id,tls_sup},{mfargs,{tls_sup,start_link,[]}},{restart_type,permanent},{shutdown,4000},{child_type,supervisor}]: 
2020-07-12T13:22:53.517384Z info: <0.111.0> supervisor: {local,dtls_sup}, started: [{pid,<0.112.0>},{id,dtls_connection},{mfargs,{dtls_connection_sup,start_link,[]}},{restart_type,permanent},{shutdown,4000},{child_type,supervisor}]: 
2020-07-12T13:22:53.518157Z info: <0.111.0> supervisor: {local,dtls_sup}, started: [{pid,<0.113.0>},{id,dtls_listener},{mfargs,{dtls_listener_sup,start_link,[]}},{restart_type,permanent},{shutdown,4000},{child_type,supervisor}]: 
2020-07-12T13:22:53.518296Z info: <0.105.0> supervisor: {local,ssl_connection_sup}, started: [{pid,<0.111.0>},{id,dtls_sup},{mfargs,{dtls_sup,start_link,[]}},{restart_type,permanent},{shutdown,4000},{child_type,supervisor}]: 
2020-07-12T13:22:53.518441Z info: <0.100.0> supervisor: {local,ssl_sup}, started: [{pid,<0.105.0>},{id,ssl_connection_sup},{mfargs,{ssl_connection_sup,start_link,[]}},{restart_type,permanent},{shutdown,4000},{child_type,supervisor}]: 
2020-07-12T13:22:53.518601Z info: <0.44.0> application: ssl, started_at: nonode@nohost: 
2020-07-12T13:22:53.519822Z info: <0.117.0> supervisor: {local,ranch_sup}, started: [{pid,<0.118.0>},{id,ranch_server},{mfargs,{ranch_server,start_link,[]}},{restart_type,permanent},{shutdown,5000},{child_type,worker}]: 
2020-07-12T13:22:53.519996Z info: <0.44.0> application: ranch, started_at: nonode@nohost: 
2020-07-12T13:22:53.522149Z info: <0.122.0> supervisor: {local,cowboy_sup}, started: [{pid,<0.123.0>},{id,cowboy_clock},{mfargs,{cowboy_clock,start_link,[]}},{restart_type,permanent},{shutdown,5000},{child_type,worker}]: 
2020-07-12T13:22:53.522358Z info: <0.44.0> application: cowboy, started_at: nonode@nohost: 
2020-07-12T13:22:53.522711Z info: <0.44.0> application: jsx, started_at: nonode@nohost: 
2020-07-12T13:22:53.522921Z info: <0.44.0> application: eredis, started_at: nonode@nohost: 
2020-07-12T13:22:53.573208Z info: <0.131.0> supervisor: {<0.131.0>,ranch_listener_sup}, started: [{pid,<0.132.0>},{id,ranch_conns_sup},{mfargs,{ranch_conns_sup,start_link,[http_listener,ranch_tcp,cowboy_clear]}},{restart_type,permanent},{shutdown,infinity},{child_type,supervisor}]: 
2020-07-12T13:22:53.575905Z info: <0.133.0> supervisor: {<0.133.0>,ranch_acceptors_sup}, started: [{pid,<0.134.0>},{id,{acceptor,<0.133.0>,1}},{mfargs,{ranch_acceptor,start_link,[#Port<0.5>,ranch_tcp,error_logger,<0.132.0>]}},{restart_type,permanent},{shutdown,brutal_kill},{child_type,worker}]: 
2020-07-12T13:22:53.576120Z info: <0.133.0> supervisor: {<0.133.0>,ranch_acceptors_sup}, started: [{pid,<0.135.0>},{id,{acceptor,<0.133.0>,2}},{mfargs,{ranch_acceptor,start_link,[#Port<0.5>,ranch_tcp,error_logger,<0.132.0>]}},{restart_type,permanent},{shutdown,brutal_kill},{child_type,worker}]: 
2020-07-12T13:22:53.576259Z info: <0.133.0> supervisor: {<0.133.0>,ranch_acceptors_sup}, started: [{pid,<0.136.0>},{id,{acceptor,<0.133.0>,3}},{mfargs,{ranch_acceptor,start_link,[#Port<0.5>,ranch_tcp,error_logger,<0.132.0>]}},{restart_type,permanent},{shutdown,brutal_kill},{child_type,worker}]: 
2020-07-12T13:22:53.576366Z info: <0.133.0> supervisor: {<0.133.0>,ranch_acceptors_sup}, started: [{pid,<0.137.0>},{id,{acceptor,<0.133.0>,4}},{mfargs,{ranch_acceptor,start_link,[#Port<0.5>,ranch_tcp,error_logger,<0.132.0>]}},{restart_type,permanent},{shutdown,brutal_kill},{child_type,worker}]: 
2020-07-12T13:22:53.576583Z info: <0.133.0> supervisor: {<0.133.0>,ranch_acceptors_sup}, started: [{pid,<0.138.0>},{id,{acceptor,<0.133.0>,5}},{mfargs,{ranch_acceptor,start_link,[#Port<0.5>,ranch_tcp,error_logger,<0.132.0>]}},{restart_type,permanent},{shutdown,brutal_kill},{child_type,worker}]: 
2020-07-12T13:22:53.576699Z info: <0.133.0> supervisor: {<0.133.0>,ranch_acceptors_sup}, started: [{pid,<0.139.0>},{id,{acceptor,<0.133.0>,6}},{mfargs,{ranch_acceptor,start_link,[#Port<0.5>,ranch_tcp,error_logger,<0.132.0>]}},{restart_type,permanent},{shutdown,brutal_kill},{child_type,worker}]: 
2020-07-12T13:22:53.576789Z info: <0.133.0> supervisor: {<0.133.0>,ranch_acceptors_sup}, started: [{pid,<0.140.0>},{id,{acceptor,<0.133.0>,7}},{mfargs,{ranch_acceptor,start_link,[#Port<0.5>,ranch_tcp,error_logger,<0.132.0>]}},{restart_type,permanent},{shutdown,brutal_kill},{child_type,worker}]: 
2020-07-12T13:22:53.576874Z info: <0.133.0> supervisor: {<0.133.0>,ranch_acceptors_sup}, started: [{pid,<0.141.0>},{id,{acceptor,<0.133.0>,8}},{mfargs,{ranch_acceptor,start_link,[#Port<0.5>,ranch_tcp,error_logger,<0.132.0>]}},{restart_type,permanent},{shutdown,brutal_kill},{child_type,worker}]: 
2020-07-12T13:22:53.576957Z info: <0.133.0> supervisor: {<0.133.0>,ranch_acceptors_sup}, started: [{pid,<0.142.0>},{id,{acceptor,<0.133.0>,9}},{mfargs,{ranch_acceptor,start_link,[#Port<0.5>,ranch_tcp,error_logger,<0.132.0>]}},{restart_type,permanent},{shutdown,brutal_kill},{child_type,worker}]: 
2020-07-12T13:22:53.577085Z info: <0.133.0> supervisor: {<0.133.0>,ranch_acceptors_sup}, started: [{pid,<0.143.0>},{id,{acceptor,<0.133.0>,10}},{mfargs,{ranch_acceptor,start_link,[#Port<0.5>,ranch_tcp,error_logger,<0.132.0>]}},{restart_type,permanent},{shutdown,brutal_kill},{child_type,worker}]: 
2020-07-12T13:22:53.577188Z info: <0.131.0> supervisor: {<0.131.0>,ranch_listener_sup}, started: [{pid,<0.133.0>},{id,ranch_acceptors_sup},{mfargs,{ranch_acceptors_sup,start_link,[http_listener,ranch_tcp]}},{restart_type,permanent},{shutdown,infinity},{child_type,supervisor}]: 
2020-07-12T13:22:53.577289Z info: <0.117.0> supervisor: {local,ranch_sup}, started: [{pid,<0.131.0>},{id,{ranch_listener_sup,http_listener}},{mfargs,{ranch_listener_sup,start_link,[http_listener,ranch_tcp,#{connection_type => supervisor,socket_opts => [{ip,{0,0,0,0}},{port,3000}]},cowboy_clear,#{connection_type => supervisor,env => #{dispatch => [{'_',[],[]}],routes => {routes,{routeDuplex,#Fun<routing_duplex@ps.61.95846173>,{prefix,<<>>,{alt,{array,5,10,undefined,{{chomp,#Fun<control_semigroupoid@ps.7.69069354>},{chomp,#Fun<control_semigroupoid@ps.7.69069354>},{chomp,#Fun<control_semigroupoid@ps.7.69069354>},{chomp,#Fun<control_semigroupoid@ps.7.69069354>},{chomp,#Fun<control_semigroupoid@ps.7.69069354>},undefined,undefined,undefined,undefined,...}}}}},#{dispatch => #Fun<stetson@ps.32.28344847>,unmatched => #Fun<stetson@ps.30.28344847>}}},middlewares => [routingDuplexMiddleware@ps,cowboy_handler]}]}},{restart_type,permanent},{shutdown,infinity},{child_type,supervisor}]: 
2020-07-12T13:22:53.579930Z info: <0.129.0> supervisor: {local,pure_sup}, started: [{pid,<0.130.0>},{id,pure_web},{mfargs,{pinto_gen@foreign,start_from_spec,[#{id => <<"pure_web">>,restart => {permanent},shutdown => {timeout,5000},startArgs => #{webPort => 3000},startFn => #Fun<pinto_sup@ps.41.110605413>,type_ => {worker}}]}},{restart_type,permanent},{shutdown,5000},{child_type,worker}]: 
2020-07-12T13:22:53.580209Z info: <0.44.0> application: pure_ps, started_at: nonode@nohost: 
2020-07-12T13:23:07.600315Z info: <0.145.0> what: 
2020-07-12T13:23:10.000676Z info: <0.145.0> what: 
2020-07-12T13:23:11.580496Z info: <0.145.0> what: 
2020-07-12T13:23:36.586826Z info: <0.145.0> msg: what: 
2020-07-12T13:24:42.370189Z info: <0.145.0> msg: what2: 
2020-07-12T13:27:53.337198Z debug: <0.130.0> webPort: 3000: 
2020-07-12T13:27:56.489533Z debug: <0.149.0> maybeGamename: {nothing}, maybeName: {nothing}, maybePrivate: {nothing}: 
2020-07-12T13:28:23.666255Z debug: <0.130.0> webPort: 3000: 
2020-07-12T13:28:25.175819Z debug: <0.149.0> maybeGamename: {nothing}, maybeName: {nothing}, maybePrivate: {nothing}: 
